<?xml version="1.0" encoding="UTF-8"?>
<!-- Generated by org.testng.reporters.JUnitXMLReporter -->
<testsuite hostname="Giridhars-MBP" ignored="0" name="Default test" tests="5" failures="0" timestamp="2021-02-06T07:38:56 GMT" time="4.042" errors="0">
  <testcase name="contentTypeTest" time="2.0" classname="com.gt.tests.ZippopotamTests"/>
  <testcase name="loggingTest" time="0.274" classname="com.gt.tests.ZippopotamTests"/>
  <testcase name="statusCodeTest" time="0.231" classname="com.gt.tests.ZippopotamTests"/>
  <testcase name="validateBodyTest" time="0.741" classname="com.gt.tests.ZippopotamTests"/>
  <testcase name="validateValueArrayTest" time="0.398" classname="com.gt.tests.ZippopotamTests"/>
</testsuite> <!-- Default test -->
