<?xml version="1.0" encoding="UTF-8"?>
<!-- Generated by org.testng.reporters.JUnitXMLReporter -->
<testsuite hostname="Giridhars-MBP" ignored="4" name="Default test" tests="1" failures="0" timestamp="2021-02-06T07:25:24 GMT" time="1.881" errors="0">
  <testcase name="statusCodeTest" time="1.533" classname="com.gt.tests.ZippopotamTests"/>
  <testcase name="loggingTest" time="0.0" classname="com.gt.tests.ZippopotamTests">
    <ignored/>
  </testcase> <!-- loggingTest -->
  <testcase name="validateValueArrayTest" time="0.0" classname="com.gt.tests.ZippopotamTests">
    <ignored/>
  </testcase> <!-- validateValueArrayTest -->
  <testcase name="validateBodyTest" time="0.0" classname="com.gt.tests.ZippopotamTests">
    <ignored/>
  </testcase> <!-- validateBodyTest -->
  <testcase name="contentTypeTest" time="0.0" classname="com.gt.tests.ZippopotamTests">
    <ignored/>
  </testcase> <!-- contentTypeTest -->
</testsuite> <!-- Default test -->
