<?xml version="1.0" encoding="UTF-8"?>
<!-- Generated by org.testng.reporters.JUnitXMLReporter -->
<testsuite ignored="0" hostname="Giridhars-MBP" failures="0" tests="5" name="Default test" time="3.439" errors="0" timestamp="2021-01-16T20:38:30 GMT">
  <testcase classname="com.gt.tests.ZippopotamTests" name="contentTypeTest" time="1.954"/>
  <testcase classname="com.gt.tests.ZippopotamTests" name="loggingTest" time="0.301"/>
  <testcase classname="com.gt.tests.ZippopotamTests" name="statusCodeTest" time="0.228"/>
  <testcase classname="com.gt.tests.ZippopotamTests" name="validateBodyTest" time="0.667"/>
  <testcase classname="com.gt.tests.ZippopotamTests" name="validateValueArrayTest" time="0.253"/>
</testsuite> <!-- Default test -->
