<?xml version="1.0" encoding="UTF-8"?>
<!-- Generated by org.testng.reporters.JUnitXMLReporter -->
<testsuite ignored="2" hostname="Giridhars-MBP" failures="0" tests="1" name="Default test" time="10.629" errors="0" timestamp="2021-01-16T13:13:02 GMT">
  <testcase classname="com.gt.tests.ZeroWebSecurityLoginTests" name="loginTestOne" time="8.826"/>
  <testcase classname="com.gt.tests.ZeroWebSecurityLoginTests" name="loginTestTwo" time="0.0">
    <ignored/>
  </testcase> <!-- loginTestTwo -->
  <testcase classname="com.gt.tests.ZeroWebSecurityLoginTests" name="loginTestThree" time="0.0">
    <ignored/>
  </testcase> <!-- loginTestThree -->
</testsuite> <!-- Default test -->
