<?xml version="1.0" encoding="UTF-8"?>
<!-- Generated by org.testng.reporters.JUnitXMLReporter -->
<testsuite hostname="Giridhars-MBP" ignored="5" name="Default test" tests="1" failures="0" timestamp="2021-01-21T08:53:18 GMT" time="2.948" errors="0">
  <testcase name="incognitoTest" time="2.916" classname="com.gt.tests.ZippopotamTests"/>
  <testcase name="loggingTest" time="0.0" classname="com.gt.tests.ZippopotamTests">
    <ignored/>
  </testcase> <!-- loggingTest -->
  <testcase name="statusCodeTest" time="0.0" classname="com.gt.tests.ZippopotamTests">
    <ignored/>
  </testcase> <!-- statusCodeTest -->
  <testcase name="validateValueArrayTest" time="0.0" classname="com.gt.tests.ZippopotamTests">
    <ignored/>
  </testcase> <!-- validateValueArrayTest -->
  <testcase name="validateBodyTest" time="0.0" classname="com.gt.tests.ZippopotamTests">
    <ignored/>
  </testcase> <!-- validateBodyTest -->
  <testcase name="contentTypeTest" time="0.0" classname="com.gt.tests.ZippopotamTests">
    <ignored/>
  </testcase> <!-- contentTypeTest -->
</testsuite> <!-- Default test -->
