<?xml version="1.0" encoding="UTF-8"?>
<!-- Generated by org.testng.reporters.JUnitXMLReporter -->
<testsuite hostname="Giridhars-MBP" ignored="0" name="Default test" tests="5" failures="0" timestamp="2021-01-28T06:52:53 GMT" time="3.84" errors="0">
  <testcase name="contentTypeTest" time="1.9" classname="com.gt.tests.ZippopotamTests"/>
  <testcase name="loggingTest" time="0.287" classname="com.gt.tests.ZippopotamTests"/>
  <testcase name="statusCodeTest" time="0.223" classname="com.gt.tests.ZippopotamTests"/>
  <testcase name="validateBodyTest" time="0.777" classname="com.gt.tests.ZippopotamTests"/>
  <testcase name="validateValueArrayTest" time="0.225" classname="com.gt.tests.ZippopotamTests"/>
</testsuite> <!-- Default test -->
