<?xml version="1.0" encoding="UTF-8"?>
<!-- Generated by org.testng.reporters.JUnitXMLReporter -->
<testsuite hostname="Giridhars-MBP" ignored="0" name="Default test" tests="5" failures="0" timestamp="2021-01-29T20:11:21 GMT" time="4.333" errors="0">
  <testcase name="contentTypeTest" time="2.073" classname="com.gt.tests.ZippopotamTests"/>
  <testcase name="loggingTest" time="0.357" classname="com.gt.tests.ZippopotamTests"/>
  <testcase name="statusCodeTest" time="0.241" classname="com.gt.tests.ZippopotamTests"/>
  <testcase name="validateBodyTest" time="0.883" classname="com.gt.tests.ZippopotamTests"/>
  <testcase name="validateValueArrayTest" time="0.317" classname="com.gt.tests.ZippopotamTests"/>
</testsuite> <!-- Default test -->
