<?xml version="1.0" encoding="UTF-8"?>
<!-- Generated by org.testng.reporters.JUnitXMLReporter -->
<testsuite ignored="0" hostname="Giridhars-MBP" failures="0" tests="3" name="Default test" time="22.309" errors="0" timestamp="2021-01-16T20:16:09 GMT">
  <testcase classname="com.gt.tests.ZeroWebSecurityLoginTests" name="loginTestOne" time="8.627"/>
  <testcase classname="com.gt.tests.ZeroWebSecurityLoginTests" name="loginTestThree" time="6.933"/>
  <testcase classname="com.gt.tests.ZeroWebSecurityLoginTests" name="loginTestTwo" time="4.631"/>
</testsuite> <!-- Default test -->
