<?xml version="1.0" encoding="UTF-8"?>
<!-- Generated by org.testng.reporters.JUnitXMLReporter -->
<testsuite hostname="Giridhars-MBP" ignored="5" name="Default test" tests="1" failures="0" timestamp="2021-01-27T22:34:38 GMT" time="1.787" errors="0">
  <testcase name="statusCodeTest" time="1.455" classname="com.gt.tests.ZippopotamTests"/>
  <testcase name="loggingTest" time="0.0" classname="com.gt.tests.ZippopotamTests">
    <ignored/>
  </testcase> <!-- loggingTest -->
  <testcase name="validateValueArrayTest" time="0.0" classname="com.gt.tests.ZippopotamTests">
    <ignored/>
  </testcase> <!-- validateValueArrayTest -->
  <testcase name="validateBodyTest" time="0.0" classname="com.gt.tests.ZippopotamTests">
    <ignored/>
  </testcase> <!-- validateBodyTest -->
  <testcase name="contentTypeTest" time="0.0" classname="com.gt.tests.ZippopotamTests">
    <ignored/>
  </testcase> <!-- contentTypeTest -->
  <testcase name="incognitoTest" time="0.0" classname="com.gt.tests.ZippopotamTests">
    <ignored/>
  </testcase> <!-- incognitoTest -->
</testsuite> <!-- Default test -->
