<?xml version="1.0" encoding="UTF-8"?>
<!-- Generated by org.testng.reporters.JUnitXMLReporter -->
<testsuite ignored="0" hostname="Giridhars-MBP" failures="0" tests="3" name="Default test" time="21.219" errors="0" timestamp="2021-01-16T18:31:54 GMT">
  <testcase classname="com.gt.tests.ZeroWebSecurityLoginTests" name="loginTestOne" time="8.499"/>
  <testcase classname="com.gt.tests.ZeroWebSecurityLoginTests" name="loginTestThree" time="6.473"/>
  <testcase classname="com.gt.tests.ZeroWebSecurityLoginTests" name="loginTestTwo" time="4.471"/>
</testsuite> <!-- Default test -->
