<?xml version="1.0" encoding="UTF-8"?>
<!-- Generated by org.testng.reporters.JUnitXMLReporter -->
<testsuite hostname="Giridhars-MBP" ignored="6" name="Test" tests="2" failures="0" timestamp="2021-01-16T22:57:18 GMT" time="17.887" errors="0">
  <testcase name="loginTestThree" time="8.06" classname="com.gt.tests.ZeroWebSecurityLoginTests"/>
  <testcase name="loginTestTwo" time="5.761" classname="com.gt.tests.ZeroWebSecurityLoginTests"/>
  <testcase name="loggingTest" time="0.0" classname="com.gt.tests.ZippopotamTests">
    <ignored/>
  </testcase> <!-- loggingTest -->
  <testcase name="statusCodeTest" time="0.0" classname="com.gt.tests.ZippopotamTests">
    <ignored/>
  </testcase> <!-- statusCodeTest -->
  <testcase name="validateValueArrayTest" time="0.0" classname="com.gt.tests.ZippopotamTests">
    <ignored/>
  </testcase> <!-- validateValueArrayTest -->
  <testcase name="validateBodyTest" time="0.0" classname="com.gt.tests.ZippopotamTests">
    <ignored/>
  </testcase> <!-- validateBodyTest -->
  <testcase name="contentTypeTest" time="0.0" classname="com.gt.tests.ZippopotamTests">
    <ignored/>
  </testcase> <!-- contentTypeTest -->
  <testcase name="loginTestOne" time="0.0" classname="com.gt.tests.ZeroWebSecurityLoginTests">
    <ignored/>
  </testcase> <!-- loginTestOne -->
</testsuite> <!-- Test -->
