<?xml version="1.0" encoding="UTF-8"?>
<testng-results skipped="0" failed="0" ignored="5" total="6" passed="1">
  <reporter-output>
  </reporter-output>
  <suite name="Default suite" duration-ms="2948" started-at="2021-01-21T08:53:15 GMT" finished-at="2021-01-21T08:53:18 GMT">
    <groups>
    </groups>
    <test name="Default test" duration-ms="2948" started-at="2021-01-21T08:53:15 GMT" finished-at="2021-01-21T08:53:18 GMT">
      <class name="com.gt.tests.ZippopotamTests">
        <test-method status="PASS" signature="incognitoTest()[pri:0, instance:com.gt.tests.ZippopotamTests@1877ab81]" name="incognitoTest" duration-ms="2916" started-at="2021-01-21T08:53:15 GMT" finished-at="2021-01-21T08:53:18 GMT">
          <reporter-output>
          </reporter-output>
        </test-method> <!-- incognitoTest -->
      </class> <!-- com.gt.tests.ZippopotamTests -->
    </test> <!-- Default test -->
  </suite> <!-- Default suite -->
</testng-results>
