<?xml version="1.0" encoding="UTF-8"?>
<testng-results ignored="0" total="1" passed="1" failed="0" skipped="0">
  <reporter-output>
  </reporter-output>
  <suite started-at="2021-01-07T21:07:36 GMT" name="Default suite" finished-at="2021-01-07T21:07:40 GMT" duration-ms="3539">
    <groups>
    </groups>
    <test started-at="2021-01-07T21:07:36 GMT" name="Default test" finished-at="2021-01-07T21:07:40 GMT" duration-ms="3539">
      <class name="com.gt.tests.ZeroWebSecurityLoginTests">
        <test-method is-config="true" signature="launchBrowser()[pri:0, instance:com.gt.tests.ZeroWebSecurityLoginTests@2beee7ff]" started-at="2021-01-07T21:07:36 GMT" name="launchBrowser" finished-at="2021-01-07T21:07:38 GMT" duration-ms="1987" status="PASS">
          <reporter-output>
          </reporter-output>
        </test-method> <!-- launchBrowser -->
        <test-method signature="loginTest()[pri:0, instance:com.gt.tests.ZeroWebSecurityLoginTests@2beee7ff]" started-at="2021-01-07T21:07:38 GMT" name="loginTest" finished-at="2021-01-07T21:07:40 GMT" duration-ms="1445" status="PASS">
          <reporter-output>
          </reporter-output>
        </test-method> <!-- loginTest -->
        <test-method is-config="true" signature="quitBrowser()[pri:0, instance:com.gt.tests.ZeroWebSecurityLoginTests@2beee7ff]" started-at="2021-01-07T21:07:40 GMT" name="quitBrowser" finished-at="2021-01-07T21:07:40 GMT" duration-ms="85" status="PASS">
          <reporter-output>
          </reporter-output>
        </test-method> <!-- quitBrowser -->
      </class> <!-- com.gt.tests.ZeroWebSecurityLoginTests -->
    </test> <!-- Default test -->
  </suite> <!-- Default suite -->
</testng-results>
