<?xml version="1.0" encoding="UTF-8"?>
<testng-results skipped="0" failed="0" ignored="0" total="5" passed="5">
  <reporter-output>
  </reporter-output>
  <suite name="Default suite" duration-ms="4333" started-at="2021-01-29T20:11:17 GMT" finished-at="2021-01-29T20:11:21 GMT">
    <groups>
      <group name="apiTest">
        <method signature="ZippopotamTests.contentTypeTest()[pri:0, instance:com.gt.tests.ZippopotamTests@3043fe0e]" name="contentTypeTest" class="com.gt.tests.ZippopotamTests"/>
        <method signature="ZippopotamTests.loggingTest()[pri:0, instance:com.gt.tests.ZippopotamTests@3043fe0e]" name="loggingTest" class="com.gt.tests.ZippopotamTests"/>
        <method signature="ZippopotamTests.statusCodeTest()[pri:0, instance:com.gt.tests.ZippopotamTests@3043fe0e]" name="statusCodeTest" class="com.gt.tests.ZippopotamTests"/>
        <method signature="ZippopotamTests.validateBodyTest()[pri:0, instance:com.gt.tests.ZippopotamTests@3043fe0e]" name="validateBodyTest" class="com.gt.tests.ZippopotamTests"/>
        <method signature="ZippopotamTests.validateValueArrayTest()[pri:0, instance:com.gt.tests.ZippopotamTests@3043fe0e]" name="validateValueArrayTest" class="com.gt.tests.ZippopotamTests"/>
      </group> <!-- apiTest -->
    </groups>
    <test name="Default test" duration-ms="4333" started-at="2021-01-29T20:11:17 GMT" finished-at="2021-01-29T20:11:21 GMT">
      <class name="com.gt.tests.ZippopotamTests">
        <test-method status="PASS" signature="setuo()[pri:0, instance:com.gt.tests.ZippopotamTests@3043fe0e]" name="setuo" is-config="true" duration-ms="147" started-at="2021-01-29T20:11:17 GMT" finished-at="2021-01-29T20:11:17 GMT">
          <reporter-output>
          </reporter-output>
        </test-method> <!-- setuo -->
        <test-method status="PASS" signature="contentTypeTest()[pri:0, instance:com.gt.tests.ZippopotamTests@3043fe0e]" name="contentTypeTest" duration-ms="2073" started-at="2021-01-29T20:11:17 GMT" finished-at="2021-01-29T20:11:19 GMT">
          <reporter-output>
          </reporter-output>
        </test-method> <!-- contentTypeTest -->
        <test-method status="PASS" signature="loggingTest()[pri:0, instance:com.gt.tests.ZippopotamTests@3043fe0e]" name="loggingTest" duration-ms="357" started-at="2021-01-29T20:11:19 GMT" finished-at="2021-01-29T20:11:19 GMT">
          <reporter-output>
          </reporter-output>
        </test-method> <!-- loggingTest -->
        <test-method status="PASS" signature="statusCodeTest()[pri:0, instance:com.gt.tests.ZippopotamTests@3043fe0e]" name="statusCodeTest" duration-ms="241" started-at="2021-01-29T20:11:19 GMT" finished-at="2021-01-29T20:11:20 GMT">
          <reporter-output>
          </reporter-output>
        </test-method> <!-- statusCodeTest -->
        <test-method status="PASS" signature="validateBodyTest()[pri:0, instance:com.gt.tests.ZippopotamTests@3043fe0e]" name="validateBodyTest" duration-ms="883" started-at="2021-01-29T20:11:20 GMT" finished-at="2021-01-29T20:11:20 GMT">
          <reporter-output>
          </reporter-output>
        </test-method> <!-- validateBodyTest -->
        <test-method status="PASS" signature="validateValueArrayTest()[pri:0, instance:com.gt.tests.ZippopotamTests@3043fe0e]" name="validateValueArrayTest" duration-ms="317" started-at="2021-01-29T20:11:20 GMT" finished-at="2021-01-29T20:11:21 GMT">
          <reporter-output>
          </reporter-output>
        </test-method> <!-- validateValueArrayTest -->
        <test-method status="PASS" signature="tearDown()[pri:0, instance:com.gt.tests.ZippopotamTests@3043fe0e]" name="tearDown" is-config="true" duration-ms="270" started-at="2021-01-29T20:11:21 GMT" finished-at="2021-01-29T20:11:21 GMT">
          <reporter-output>
          </reporter-output>
        </test-method> <!-- tearDown -->
      </class> <!-- com.gt.tests.ZippopotamTests -->
    </test> <!-- Default test -->
  </suite> <!-- Default suite -->
</testng-results>
