<?xml version="1.0" encoding="UTF-8"?>
<testng-results ignored="2" total="3" passed="1" failed="0" skipped="0">
  <reporter-output>
  </reporter-output>
  <suite started-at="2021-01-16T13:12:51 GMT" name="Default suite" finished-at="2021-01-16T13:13:02 GMT" duration-ms="10629">
    <groups>
    </groups>
    <test started-at="2021-01-16T13:12:51 GMT" name="Default test" finished-at="2021-01-16T13:13:02 GMT" duration-ms="10629">
      <class name="com.gt.tests.ZeroWebSecurityLoginTests">
        <test-method is-config="true" signature="launchBrowser()[pri:0, instance:com.gt.tests.ZeroWebSecurityLoginTests@4cc8eb05]" started-at="2021-01-16T13:12:51 GMT" name="launchBrowser" finished-at="2021-01-16T13:12:53 GMT" duration-ms="1692" status="PASS">
          <reporter-output>
          </reporter-output>
        </test-method> <!-- launchBrowser -->
        <test-method signature="loginTestOne()[pri:0, instance:com.gt.tests.ZeroWebSecurityLoginTests@4cc8eb05]" started-at="2021-01-16T13:12:53 GMT" name="loginTestOne" finished-at="2021-01-16T13:13:02 GMT" duration-ms="8826" status="PASS">
          <reporter-output>
          </reporter-output>
        </test-method> <!-- loginTestOne -->
        <test-method is-config="true" signature="quitBrowser()[pri:0, instance:com.gt.tests.ZeroWebSecurityLoginTests@4cc8eb05]" started-at="2021-01-16T13:13:02 GMT" name="quitBrowser" finished-at="2021-01-16T13:13:02 GMT" duration-ms="84" status="PASS">
          <reporter-output>
          </reporter-output>
        </test-method> <!-- quitBrowser -->
      </class> <!-- com.gt.tests.ZeroWebSecurityLoginTests -->
    </test> <!-- Default test -->
  </suite> <!-- Default suite -->
</testng-results>
